Apr-26 15:22:14.159 [main] DEBUG nextflow.cli.Launcher - $> nextflow genotype_pipeline.nf
Apr-26 15:22:14.223 [main] DEBUG nextflow.cli.CmdRun - N E X T F L O W  ~  version 24.10.6
Apr-26 15:22:14.261 [main] DEBUG nextflow.plugin.PluginsFacade - Setting up plugin manager > mode=prod; embedded=false; plugins-dir=/users/doherty/imh310/.nextflow/plugins; core-plugins: nf-amazon@2.9.3,nf-azure@1.10.2,nf-cloudcache@0.4.2,nf-codecommit@0.2.2,nf-console@1.1.4,nf-google@1.15.4,nf-tower@1.9.3,nf-wave@1.7.5
Apr-26 15:22:14.291 [main] INFO  o.pf4j.DefaultPluginStatusProvider - Enabled plugins: []
Apr-26 15:22:14.292 [main] INFO  o.pf4j.DefaultPluginStatusProvider - Disabled plugins: []
Apr-26 15:22:14.295 [main] INFO  org.pf4j.DefaultPluginManager - PF4J version 3.12.0 in 'deployment' mode
Apr-26 15:22:14.306 [main] INFO  org.pf4j.AbstractPluginManager - No plugins
Apr-26 15:22:14.365 [main] DEBUG nextflow.cli.CmdRun - Applied DSL=2 by global default
Apr-26 15:22:14.380 [main] DEBUG nextflow.cli.CmdRun - Launching `genotype_pipeline.nf` [cranky_payne] DSL2 - revision: b4a32d717e
Apr-26 15:22:14.382 [main] DEBUG nextflow.plugin.PluginsFacade - Plugins default=[]
Apr-26 15:22:14.382 [main] DEBUG nextflow.plugin.PluginsFacade - Plugins resolved requirement=[]
Apr-26 15:22:14.436 [main] DEBUG nextflow.Session - Session UUID: e6c84261-6bee-4e66-b040-c2173f9198e9
Apr-26 15:22:14.437 [main] DEBUG nextflow.Session - Run name: cranky_payne
Apr-26 15:22:14.437 [main] DEBUG nextflow.Session - Executor pool size: 2
Apr-26 15:22:14.445 [main] DEBUG nextflow.file.FilePorter - File porter settings maxRetries=3; maxTransfers=50; pollTimeout=null
Apr-26 15:22:14.451 [main] DEBUG nextflow.util.ThreadPoolBuilder - Creating thread pool 'FileTransfer' minSize=10; maxSize=10; workQueue=LinkedBlockingQueue[-1]; allowCoreThreadTimeout=false
Apr-26 15:22:14.515 [main] DEBUG nextflow.cli.CmdRun - 
  Version: 24.10.6 build 5937
  Created: 23-04-2025 16:53 UTC (17:53 BST)
  System: Linux 4.18.0-553.44.1.el8_10.x86_64
  Runtime: Groovy 4.0.23 on OpenJDK 64-Bit Server VM 22.0.1-internal-adhoc.conda.src
  Encoding: UTF-8 (UTF-8)
  Process: 119662@cluster1.hpc.in.bmrc.ox.ac.uk [10.136.1.241]
  CPUs: 2 - Mem: 26.3 GB (25.9 GB) - Swap: 16 GB (7.6 GB)
Apr-26 15:22:14.616 [main] DEBUG nextflow.Session - Work-dir: /gpfs3/users/doherty/imh310/ukb_rap/ukb_exome/work [gpfs]
Apr-26 15:22:14.616 [main] DEBUG nextflow.Session - Script base path does not exist or is not a directory: /gpfs3/users/doherty/imh310/ukb_rap/ukb_exome/bin
Apr-26 15:22:14.629 [main] DEBUG nextflow.executor.ExecutorFactory - Extension executors providers=[]
Apr-26 15:22:14.638 [main] DEBUG nextflow.Session - Observer factory: DefaultObserverFactory
Apr-26 15:22:14.663 [main] DEBUG nextflow.cache.CacheFactory - Using Nextflow cache factory: nextflow.cache.DefaultCacheFactory
Apr-26 15:22:14.671 [main] DEBUG nextflow.util.CustomThreadPool - Creating default thread pool > poolSize: 3; maxThreads: 1000
Apr-26 15:22:14.729 [main] DEBUG nextflow.Session - Session start
Apr-26 15:22:15.267 [main] DEBUG nextflow.script.ScriptRunner - > Launching execution
Apr-26 15:22:15.278 [main] DEBUG n.secret.LocalSecretsProvider - Secrets store: /users/doherty/imh310/.nextflow/secrets/store.json
Apr-26 15:22:15.285 [main] DEBUG nextflow.secret.SecretsLoader - Discovered secrets providers: [nextflow.secret.LocalSecretsProvider@26865482] - activable => nextflow.secret.LocalSecretsProvider@26865482
Apr-26 15:22:15.290 [main] DEBUG nextflow.script.ScriptRunner - Parsed script files:
  Script_fa86bcb542427206: /gpfs3/users/doherty/imh310/ukb_rap/ukb_exome/genotype_pipeline.nf
Apr-26 15:22:15.293 [main] DEBUG nextflow.Session - Session aborted -- Cause: No signature of method: nextflow.script.ScriptBinding.params() is applicable for argument types: () values: []
Possible solutions: getParams(), setParams(java.util.Map), stream(), equals(java.lang.Object), print(java.io.PrintWriter), print(java.lang.Object)
Apr-26 15:22:15.298 [main] DEBUG nextflow.Session - 
Thread[#11,Signal Dispatcher,9,system]

Thread[#17,Notification Thread,9,system]

Thread[#21,process reaper,10,InnocuousThreadGroup]
  java.base@22.0.1-internal/jdk.internal.misc.Unsafe.park(Native Method)
  java.base@22.0.1-internal/java.util.concurrent.locks.LockSupport.parkNanos(LockSupport.java:410)
  java.base@22.0.1-internal/java.util.concurrent.LinkedTransferQueue$DualNode.await(LinkedTransferQueue.java:452)
  java.base@22.0.1-internal/java.util.concurrent.SynchronousQueue$Transferer.xferLifo(SynchronousQueue.java:194)
  java.base@22.0.1-internal/java.util.concurrent.SynchronousQueue.xfer(SynchronousQueue.java:233)
  java.base@22.0.1-internal/java.util.concurrent.SynchronousQueue.poll(SynchronousQueue.java:336)
  java.base@22.0.1-internal/java.util.concurrent.ThreadPoolExecutor.getTask(ThreadPoolExecutor.java:1069)
  java.base@22.0.1-internal/java.util.concurrent.ThreadPoolExecutor.runWorker(ThreadPoolExecutor.java:1130)
  java.base@22.0.1-internal/java.util.concurrent.ThreadPoolExecutor$Worker.run(ThreadPoolExecutor.java:642)
  java.base@22.0.1-internal/java.lang.Thread.runWith(Thread.java:1583)
  java.base@22.0.1-internal/java.lang.Thread.run(Thread.java:1570)
  java.base@22.0.1-internal/jdk.internal.misc.InnocuousThread.run(InnocuousThread.java:186)

Thread[#9,Reference Handler,10,system]
  java.base@22.0.1-internal/java.lang.ref.Reference.waitForReferencePendingList(Native Method)
  java.base@22.0.1-internal/java.lang.ref.Reference.processPendingReferences(Reference.java:246)
  java.base@22.0.1-internal/java.lang.ref.Reference$ReferenceHandler.run(Reference.java:208)

Thread[#10,Finalizer,8,system]
  java.base@22.0.1-internal/java.lang.Object.wait0(Native Method)
  java.base@22.0.1-internal/java.lang.Object.wait(Object.java:375)
  java.base@22.0.1-internal/java.lang.Object.wait(Object.java:348)
  java.base@22.0.1-internal/java.lang.ref.NativeReferenceQueue.await(NativeReferenceQueue.java:48)
  java.base@22.0.1-internal/java.lang.ref.ReferenceQueue.remove0(ReferenceQueue.java:158)
  java.base@22.0.1-internal/java.lang.ref.NativeReferenceQueue.remove(NativeReferenceQueue.java:89)
  java.base@22.0.1-internal/java.lang.ref.Finalizer$FinalizerThread.run(Finalizer.java:173)

Thread[#22,Thread-1,5,main]
  java.base@22.0.1-internal/jdk.internal.misc.Unsafe.park(Native Method)
  java.base@22.0.1-internal/java.util.concurrent.locks.LockSupport.parkNanos(LockSupport.java:269)
  java.base@22.0.1-internal/java.util.concurrent.locks.AbstractQueuedSynchronizer$ConditionObject.awaitNanos(AbstractQueuedSynchronizer.java:1758)
  java.base@22.0.1-internal/java.util.concurrent.LinkedBlockingDeque.pollFirst(LinkedBlockingDeque.java:515)
  java.base@22.0.1-internal/java.util.concurrent.LinkedBlockingDeque.poll(LinkedBlockingDeque.java:683)
  app//nextflow.util.SimpleAgent.run(SimpleAgent.groovy:89)
  java.base@22.0.1-internal/java.lang.invoke.LambdaForm$DMH/0x00007f99531a0000.invokeVirtual(LambdaForm$DMH)
  java.base@22.0.1-internal/java.lang.invoke.LambdaForm$MH/0x00007f9953254000.invoke(LambdaForm$MH)
  java.base@22.0.1-internal/java.lang.invoke.Invokers$Holder.invokeExact_MT(Invokers$Holder)
  java.base@22.0.1-internal/jdk.internal.reflect.DirectMethodHandleAccessor.invokeImpl(DirectMethodHandleAccessor.java:153)
  java.base@22.0.1-internal/jdk.internal.reflect.DirectMethodHandleAccessor.invoke(DirectMethodHandleAccessor.java:103)
  java.base@22.0.1-internal/java.lang.reflect.Method.invoke(Method.java:580)
  app//org.codehaus.groovy.reflection.CachedMethod.invoke(CachedMethod.java:343)
  app//groovy.lang.MetaMethod.doMethodInvoke(MetaMethod.java:328)
  app//groovy.lang.MetaClassImpl.doInvokeMethod(MetaClassImpl.java:1333)
  app//groovy.lang.MetaClassImpl.invokeMethod(MetaClassImpl.java:1088)
  app//groovy.lang.MetaClassImpl.invokeMethodClosure(MetaClassImpl.java:1017)
  app//groovy.lang.MetaClassImpl.doInvokeMethod(MetaClassImpl.java:1207)
  app//groovy.lang.MetaClassImpl.invokeMethod(MetaClassImpl.java:1088)
  app//groovy.lang.MetaClassImpl.invokeMethod(MetaClassImpl.java:1007)
  app//groovy.lang.Closure.call(Closure.java:433)
  app//groovy.lang.Closure.call(Closure.java:412)
  app//groovy.lang.Closure.run(Closure.java:505)
  java.base@22.0.1-internal/java.lang.Thread.runWith(Thread.java:1583)
  java.base@22.0.1-internal/java.lang.Thread.run(Thread.java:1570)

Thread[#1,main,5,main]
  java.base@22.0.1-internal/java.lang.Thread.dumpThreads(Native Method)
  java.base@22.0.1-internal/java.lang.Thread.getAllStackTraces(Thread.java:2488)
  app//nextflow.util.SysHelper.dumpThreads(SysHelper.groovy:188)
  app//nextflow.Session.abort(Session.groovy:800)
  app//nextflow.script.ScriptRunner.execute(ScriptRunner.groovy:149)
  app//nextflow.cli.CmdRun.run(CmdRun.groovy:376)
  app//nextflow.cli.Launcher.run(Launcher.groovy:503)
  app//nextflow.cli.Launcher.main(Launcher.groovy:658)

Thread[#16,Common-Cleaner,8,InnocuousThreadGroup]
  java.base@22.0.1-internal/jdk.internal.misc.Unsafe.park(Native Method)
  java.base@22.0.1-internal/java.util.concurrent.locks.LockSupport.parkNanos(LockSupport.java:269)
  java.base@22.0.1-internal/java.util.concurrent.locks.AbstractQueuedSynchronizer$ConditionObject.await(AbstractQueuedSynchronizer.java:1847)
  java.base@22.0.1-internal/java.lang.ref.ReferenceQueue.await(ReferenceQueue.java:71)
  java.base@22.0.1-internal/java.lang.ref.ReferenceQueue.remove0(ReferenceQueue.java:143)
  java.base@22.0.1-internal/java.lang.ref.ReferenceQueue.remove(ReferenceQueue.java:218)
  java.base@22.0.1-internal/jdk.internal.ref.CleanerImpl.run(CleanerImpl.java:140)
  java.base@22.0.1-internal/java.lang.Thread.runWith(Thread.java:1583)
  java.base@22.0.1-internal/java.lang.Thread.run(Thread.java:1570)
  java.base@22.0.1-internal/jdk.internal.misc.InnocuousThread.run(InnocuousThread.java:186)

Thread[#23,AnsiLogObserver,5,main]
  java.base@22.0.1-internal/java.lang.Object.wait0(Native Method)
  java.base@22.0.1-internal/java.lang.Object.wait(Object.java:375)
  app//nextflow.trace.AnsiLogObserver.render0(AnsiLogObserver.groovy:185)
  java.base@22.0.1-internal/java.lang.invoke.DirectMethodHandle$Holder.invokeVirtual(DirectMethodHandle$Holder)
  java.base@22.0.1-internal/java.lang.invoke.LambdaForm$MH/0x00007f9953289400.invoke(LambdaForm$MH)
  java.base@22.0.1-internal/java.lang.invoke.Invokers$Holder.invokeExact_MT(Invokers$Holder)
  java.base@22.0.1-internal/jdk.internal.reflect.DirectMethodHandleAccessor.invokeImpl(DirectMethodHandleAccessor.java:154)
  java.base@22.0.1-internal/jdk.internal.reflect.DirectMethodHandleAccessor.invoke(DirectMethodHandleAccessor.java:103)
  java.base@22.0.1-internal/java.lang.reflect.Method.invoke(Method.java:580)
  app//org.codehaus.groovy.reflection.CachedMethod.invoke(CachedMethod.java:343)
  app//groovy.lang.MetaMethod.doMethodInvoke(MetaMethod.java:328)
  app//groovy.lang.MetaClassImpl.doInvokeMethod(MetaClassImpl.java:1333)
  app//groovy.lang.MetaClassImpl.invokeMethod(MetaClassImpl.java:1088)
  app//groovy.lang.MetaClassImpl.invokeMethodClosure(MetaClassImpl.java:1017)
  app//groovy.lang.MetaClassImpl.doInvokeMethod(MetaClassImpl.java:1207)
  app//groovy.lang.MetaClassImpl.invokeMethod(MetaClassImpl.java:1088)
  app//groovy.lang.MetaClassImpl.invokeMethod(MetaClassImpl.java:1007)
  app//groovy.lang.Closure.call(Closure.java:433)
  app//groovy.lang.Closure.call(Closure.java:412)
  app//groovy.lang.Closure.run(Closure.java:505)
  java.base@22.0.1-internal/java.lang.Thread.runWith(Thread.java:1583)
  java.base@22.0.1-internal/java.lang.Thread.run(Thread.java:1570)

Apr-26 15:22:15.304 [main] ERROR nextflow.cli.Launcher - @unknown
groovy.lang.MissingMethodException: No signature of method: nextflow.script.ScriptBinding.params() is applicable for argument types: () values: []
Possible solutions: getParams(), setParams(java.util.Map), stream(), equals(java.lang.Object), print(java.io.PrintWriter), print(java.lang.Object)
	at nextflow.script.WorkflowBinding.invokeMethod(WorkflowBinding.groovy:111)
	at org.codehaus.groovy.vmplugin.v8.IndyInterface.fromCache(IndyInterface.java:321)
	at nextflow.script.BaseScript.invokeMethod(BaseScript.groovy:155)
	at org.codehaus.groovy.vmplugin.v8.IndyGuardsFiltersAndSignatures.invokeGroovyObjectInvoker(IndyGuardsFiltersAndSignatures.java:151)
	at org.codehaus.groovy.vmplugin.v8.IndyInterface.fromCache(IndyInterface.java:321)
	at Script_fa86bcb542427206.runScript(Script_fa86bcb542427206:11)
	at org.codehaus.groovy.vmplugin.v8.IndyInterface.fromCache(IndyInterface.java:321)
	at nextflow.script.BaseScript.run0(BaseScript.groovy:159)
	at org.codehaus.groovy.vmplugin.v8.IndyInterface.fromCache(IndyInterface.java:321)
	at nextflow.script.BaseScript.run(BaseScript.groovy:209)
	at nextflow.script.ScriptParser.runScript(ScriptParser.groovy:236)
	at nextflow.script.ScriptRunner.run(ScriptRunner.groovy:243)
	at nextflow.script.ScriptRunner.execute(ScriptRunner.groovy:138)
	at nextflow.cli.CmdRun.run(CmdRun.groovy:376)
	at nextflow.cli.Launcher.run(Launcher.groovy:503)
	at nextflow.cli.Launcher.main(Launcher.groovy:658)
